<?xml version="1.0" encoding="UTF-8"?>
<testsuite xmlns:xsi="http://www.w3.org/2001/XMLSchema-instance" xsi:noNamespaceSchemaLocation="https://maven.apache.org/surefire/maven-failsafe-plugin/xsd/failsafe-test-report-3.0.xsd" version="3.0" name="com.epam.brest.dao.jdbc.DepartmentDaoJdbcIT" time="2.812" tests="7" errors="0" skipped="0" failures="0">
  <properties>
    <property name="java.specification.version" value="15"/>
    <property name="sun.jnu.encoding" value="UTF-8"/>
    <property name="java.class.path" value="/home/vladislav/IdeaProjects/MaksimukV/dao/target/test-classes:/home/vladislav/IdeaProjects/MaksimukV/dao/target/classes:/home/vladislav/IdeaProjects/MaksimukV/model/target/model-1.0-SNAPSHOT.jar:/home/vladislav/IdeaProjects/MaksimukV/dao-api/target/dao-api-1.0-SNAPSHOT.jar:/home/vladislav/IdeaProjects/MaksimukV/test-db/target/test-db-1.0-SNAPSHOT.jar:/home/vladislav/.m2/repository/org/springframework/spring-context/5.3.5/spring-context-5.3.5.jar:/home/vladislav/.m2/repository/org/springframework/spring-aop/5.3.5/spring-aop-5.3.5.jar:/home/vladislav/.m2/repository/org/springframework/spring-expression/5.3.5/spring-expression-5.3.5.jar:/home/vladislav/.m2/repository/org/springframework/spring-jdbc/5.3.5/spring-jdbc-5.3.5.jar:/home/vladislav/.m2/repository/org/springframework/spring-tx/5.3.5/spring-tx-5.3.5.jar:/home/vladislav/.m2/repository/org/springframework/boot/spring-boot-test-autoconfigure/2.4.4/spring-boot-test-autoconfigure-2.4.4.jar:/home/vladislav/.m2/repository/org/springframework/boot/spring-boot/2.4.4/spring-boot-2.4.4.jar:/home/vladislav/.m2/repository/org/springframework/boot/spring-boot-test/2.4.4/spring-boot-test-2.4.4.jar:/home/vladislav/.m2/repository/org/springframework/boot/spring-boot-autoconfigure/2.4.4/spring-boot-autoconfigure-2.4.4.jar:/home/vladislav/.m2/repository/org/springframework/spring-beans/5.3.5/spring-beans-5.3.5.jar:/home/vladislav/.m2/repository/org/springframework/spring-core/5.3.5/spring-core-5.3.5.jar:/home/vladislav/.m2/repository/org/springframework/spring-jcl/5.3.5/spring-jcl-5.3.5.jar:/home/vladislav/.m2/repository/org/slf4j/slf4j-api/1.7.30/slf4j-api-1.7.30.jar:/home/vladislav/.m2/repository/ch/qos/logback/logback-core/1.2.3/logback-core-1.2.3.jar:/home/vladislav/.m2/repository/ch/qos/logback/logback-classic/1.2.3/logback-classic-1.2.3.jar:/home/vladislav/.m2/repository/com/h2database/h2/1.4.200/h2-1.4.200.jar:/home/vladislav/.m2/repository/org/springframework/spring-test/5.3.5/spring-test-5.3.5.jar:/home/vladislav/.m2/repository/org/junit/jupiter/junit-jupiter-api/5.7.1/junit-jupiter-api-5.7.1.jar:/home/vladislav/.m2/repository/org/apiguardian/apiguardian-api/1.1.0/apiguardian-api-1.1.0.jar:/home/vladislav/.m2/repository/org/opentest4j/opentest4j/1.2.0/opentest4j-1.2.0.jar:/home/vladislav/.m2/repository/org/junit/platform/junit-platform-commons/1.7.1/junit-platform-commons-1.7.1.jar:/home/vladislav/.m2/repository/org/junit/jupiter/junit-jupiter-engine/5.7.1/junit-jupiter-engine-5.7.1.jar:/home/vladislav/.m2/repository/org/junit/platform/junit-platform-engine/1.7.1/junit-platform-engine-1.7.1.jar:/home/vladislav/.m2/repository/org/mockito/mockito-core/3.8.0/mockito-core-3.8.0.jar:/home/vladislav/.m2/repository/net/bytebuddy/byte-buddy/1.10.22/byte-buddy-1.10.22.jar:/home/vladislav/.m2/repository/net/bytebuddy/byte-buddy-agent/1.10.22/byte-buddy-agent-1.10.22.jar:/home/vladislav/.m2/repository/org/objenesis/objenesis/3.1/objenesis-3.1.jar:/home/vladislav/.m2/repository/org/mockito/mockito-junit-jupiter/3.8.0/mockito-junit-jupiter-3.8.0.jar:"/>
    <property name="java.vm.vendor" value="Oracle Corporation"/>
    <property name="sun.arch.data.model" value="64"/>
    <property name="java.vendor.url" value="https://java.oracle.com/"/>
    <property name="user.timezone" value="Europe/Minsk"/>
    <property name="os.name" value="Linux"/>
    <property name="java.vm.specification.version" value="15"/>
    <property name="sun.java.launcher" value="SUN_STANDARD"/>
    <property name="user.country" value="GB"/>
    <property name="sun.boot.library.path" value="/usr/lib/jvm/jdk-15.0.2/lib"/>
    <property name="sun.java.command" value="/home/vladislav/IdeaProjects/MaksimukV/dao/target/surefire/surefirebooter2154255512303316219.jar /home/vladislav/IdeaProjects/MaksimukV/dao/target/surefire 2021-03-30T12-32-05_061-jvmRun1 surefire11792013405512211307tmp surefire_111660463782409133880tmp"/>
    <property name="jdk.debug" value="release"/>
    <property name="surefire.test.class.path" value="/home/vladislav/IdeaProjects/MaksimukV/dao/target/test-classes:/home/vladislav/IdeaProjects/MaksimukV/dao/target/classes:/home/vladislav/IdeaProjects/MaksimukV/model/target/model-1.0-SNAPSHOT.jar:/home/vladislav/IdeaProjects/MaksimukV/dao-api/target/dao-api-1.0-SNAPSHOT.jar:/home/vladislav/IdeaProjects/MaksimukV/test-db/target/test-db-1.0-SNAPSHOT.jar:/home/vladislav/.m2/repository/org/springframework/spring-context/5.3.5/spring-context-5.3.5.jar:/home/vladislav/.m2/repository/org/springframework/spring-aop/5.3.5/spring-aop-5.3.5.jar:/home/vladislav/.m2/repository/org/springframework/spring-expression/5.3.5/spring-expression-5.3.5.jar:/home/vladislav/.m2/repository/org/springframework/spring-jdbc/5.3.5/spring-jdbc-5.3.5.jar:/home/vladislav/.m2/repository/org/springframework/spring-tx/5.3.5/spring-tx-5.3.5.jar:/home/vladislav/.m2/repository/org/springframework/boot/spring-boot-test-autoconfigure/2.4.4/spring-boot-test-autoconfigure-2.4.4.jar:/home/vladislav/.m2/repository/org/springframework/boot/spring-boot/2.4.4/spring-boot-2.4.4.jar:/home/vladislav/.m2/repository/org/springframework/boot/spring-boot-test/2.4.4/spring-boot-test-2.4.4.jar:/home/vladislav/.m2/repository/org/springframework/boot/spring-boot-autoconfigure/2.4.4/spring-boot-autoconfigure-2.4.4.jar:/home/vladislav/.m2/repository/org/springframework/spring-beans/5.3.5/spring-beans-5.3.5.jar:/home/vladislav/.m2/repository/org/springframework/spring-core/5.3.5/spring-core-5.3.5.jar:/home/vladislav/.m2/repository/org/springframework/spring-jcl/5.3.5/spring-jcl-5.3.5.jar:/home/vladislav/.m2/repository/org/slf4j/slf4j-api/1.7.30/slf4j-api-1.7.30.jar:/home/vladislav/.m2/repository/ch/qos/logback/logback-core/1.2.3/logback-core-1.2.3.jar:/home/vladislav/.m2/repository/ch/qos/logback/logback-classic/1.2.3/logback-classic-1.2.3.jar:/home/vladislav/.m2/repository/com/h2database/h2/1.4.200/h2-1.4.200.jar:/home/vladislav/.m2/repository/org/springframework/spring-test/5.3.5/spring-test-5.3.5.jar:/home/vladislav/.m2/repository/org/junit/jupiter/junit-jupiter-api/5.7.1/junit-jupiter-api-5.7.1.jar:/home/vladislav/.m2/repository/org/apiguardian/apiguardian-api/1.1.0/apiguardian-api-1.1.0.jar:/home/vladislav/.m2/repository/org/opentest4j/opentest4j/1.2.0/opentest4j-1.2.0.jar:/home/vladislav/.m2/repository/org/junit/platform/junit-platform-commons/1.7.1/junit-platform-commons-1.7.1.jar:/home/vladislav/.m2/repository/org/junit/jupiter/junit-jupiter-engine/5.7.1/junit-jupiter-engine-5.7.1.jar:/home/vladislav/.m2/repository/org/junit/platform/junit-platform-engine/1.7.1/junit-platform-engine-1.7.1.jar:/home/vladislav/.m2/repository/org/mockito/mockito-core/3.8.0/mockito-core-3.8.0.jar:/home/vladislav/.m2/repository/net/bytebuddy/byte-buddy/1.10.22/byte-buddy-1.10.22.jar:/home/vladislav/.m2/repository/net/bytebuddy/byte-buddy-agent/1.10.22/byte-buddy-agent-1.10.22.jar:/home/vladislav/.m2/repository/org/objenesis/objenesis/3.1/objenesis-3.1.jar:/home/vladislav/.m2/repository/org/mockito/mockito-junit-jupiter/3.8.0/mockito-junit-jupiter-3.8.0.jar:"/>
    <property name="sun.cpu.endian" value="little"/>
    <property name="user.home" value="/home/vladislav"/>
    <property name="user.language" value="en"/>
    <property name="java.specification.vendor" value="Oracle Corporation"/>
    <property name="java.version.date" value="2021-01-19"/>
    <property name="java.home" value="/usr/lib/jvm/jdk-15.0.2"/>
    <property name="file.separator" value="/"/>
    <property name="basedir" value="/home/vladislav/IdeaProjects/MaksimukV/dao"/>
    <property name="java.vm.compressedOopsMode" value="32-bit"/>
    <property name="line.separator" value="&#10;"/>
    <property name="java.specification.name" value="Java Platform API Specification"/>
    <property name="java.vm.specification.vendor" value="Oracle Corporation"/>
    <property name="FILE_LOG_CHARSET" value="UTF-8"/>
    <property name="java.awt.headless" value="true"/>
    <property name="surefire.real.class.path" value="/home/vladislav/IdeaProjects/MaksimukV/dao/target/surefire/surefirebooter2154255512303316219.jar"/>
    <property name="sun.management.compiler" value="HotSpot 64-Bit Tiered Compilers"/>
    <property name="java.runtime.version" value="15.0.2+7-27"/>
    <property name="user.name" value="vladislav"/>
    <property name="path.separator" value=":"/>
    <property name="os.version" value="5.4.0-65-generic"/>
    <property name="java.runtime.name" value="Java(TM) SE Runtime Environment"/>
    <property name="file.encoding" value="UTF-8"/>
    <property name="spring.beaninfo.ignore" value="true"/>
    <property name="java.vm.name" value="Java HotSpot(TM) 64-Bit Server VM"/>
    <property name="localRepository" value="/home/vladislav/.m2/repository"/>
    <property name="java.vendor.url.bug" value="https://bugreport.java.com/bugreport/"/>
    <property name="java.io.tmpdir" value="/tmp"/>
    <property name="java.version" value="15.0.2"/>
    <property name="user.dir" value="/home/vladislav/IdeaProjects/MaksimukV/dao"/>
    <property name="os.arch" value="amd64"/>
    <property name="java.vm.specification.name" value="Java Virtual Machine Specification"/>
    <property name="PID" value="5688"/>
    <property name="CONSOLE_LOG_CHARSET" value="UTF-8"/>
    <property name="java.library.path" value="/usr/java/packages/lib:/usr/lib64:/lib64:/lib:/usr/lib"/>
    <property name="java.vm.info" value="mixed mode, sharing"/>
    <property name="java.vendor" value="Oracle Corporation"/>
    <property name="java.vm.version" value="15.0.2+7-27"/>
    <property name="sun.io.unicode.encoding" value="UnicodeLittle"/>
    <property name="java.class.version" value="59.0"/>
  </properties>
  <testcase name="updateDepartmentTest" classname="com.epam.brest.dao.jdbc.DepartmentDaoJdbcIT" time="0.654"/>
  <testcase name="createDepartmentTest" classname="com.epam.brest.dao.jdbc.DepartmentDaoJdbcIT" time="0.019"/>
  <testcase name="createDepartmentWithSameNameTest" classname="com.epam.brest.dao.jdbc.DepartmentDaoJdbcIT" time="0.012"/>
  <testcase name="createDepartmentWithSameNameDiffCaseTest" classname="com.epam.brest.dao.jdbc.DepartmentDaoJdbcIT" time="0.018"/>
  <testcase name="findAllTest" classname="com.epam.brest.dao.jdbc.DepartmentDaoJdbcIT" time="0.007"/>
  <testcase name="findByIdExceptionalTest" classname="com.epam.brest.dao.jdbc.DepartmentDaoJdbcIT" time="0.006"/>
  <testcase name="findByIdTest" classname="com.epam.brest.dao.jdbc.DepartmentDaoJdbcIT" time="0.008"/>
</testsuite>